<?xml version="1.0" encoding="utf-8"?><testsuites name="pytest tests"><testsuite name="pytest" errors="0" failures="1" skipped="2" tests="136" time="10.953" timestamp="2026-04-09T02:26:19.955577+02:00" hostname="Mac"><testcase classname="e2e.test_cli.CliTests" name="test_collect_data_command_accepts_case_insensitive_source_names" time="0.006" /><testcase classname="e2e.test_cli.CliTests" name="test_collect_data_command_writes_summary_and_readme" time="0.004" /><testcase classname="e2e.test_cli.CliTests" name="test_collect_data_help_lists_accepted_source_names" time="0.649" /><testcase classname="e2e.test_cli.CliTests" name="test_installed_console_script_displays_help" time="0.001"><skipped type="pytest.skip" message="Installed console script not found. Run `make install` before installed-script checks.">/Users/bijan/bijux/bijux-pollenomics/packages/bijux-pollenomics/tests/e2e/test_cli.py:55: Installed console script not found. Run `make install` before installed-script checks.</skipped></testcase><testcase classname="e2e.test_cli.CliTests" name="test_installed_console_script_displays_package_version" time="0.002"><skipped type="pytest.skip" message="Installed console script not found. Run `make install` before installed-script checks.">/Users/bijan/bijux/bijux-pollenomics/packages/bijux-pollenomics/tests/e2e/test_cli.py:69: Installed console script not found. Run `make install` before installed-script checks.</skipped></testcase><testcase classname="e2e.test_cli.CliTests" name="test_module_entrypoint_displays_help" time="0.627" /><testcase classname="e2e.test_cli.CliTests" name="test_parser_defaults_follow_project_settings" time="0.003" /><testcase classname="e2e.test_cli.CliTests" name="test_publish_reports_command_runs" time="0.014" /><testcase classname="e2e.test_cli.CliTests" name="test_report_country_command_writes_country_bundle" time="0.006" /><testcase classname="e2e.test_cli.CliTests" name="test_report_country_requires_both_shared_map_arguments" time="0.004" /><testcase classname="e2e.test_cli.CliTests" name="test_report_multi_country_map_command_writes_atlas_bundle" time="0.013" /><testcase classname="regression.test_country_report.CountryReportTests" name="test_bundle_path_builders_keep_artifact_names_stable" time="0.001" /><testcase classname="regression.test_country_report.CountryReportTests" name="test_generate_country_report_can_link_to_shared_map" time="0.004" /><testcase classname="regression.test_country_report.CountryReportTests" name="test_generate_country_report_handles_zero_matching_samples" time="0.004" /><testcase classname="regression.test_country_report.CountryReportTests" name="test_generate_country_report_preserves_previous_bundle_when_publication_fails" time="0.004" /><testcase classname="regression.test_country_report.CountryReportTests" name="test_generate_country_report_replaces_stale_bundle_files" time="0.004" /><testcase classname="regression.test_country_report.CountryReportTests" name="test_generate_country_report_uses_country_specific_copy_and_locality_placeholder" time="0.004" /><testcase classname="regression.test_country_report.CountryReportTests" name="test_generate_country_report_writes_expected_outputs" time="0.004" /><testcase classname="regression.test_country_report.CountryReportTests" name="test_generate_multi_country_map_can_include_context_layers" time="0.016" /><testcase classname="regression.test_country_report.CountryReportTests" name="test_generate_multi_country_map_handles_empty_aadr_selection" time="0.008" /><testcase classname="regression.test_country_report.CountryReportTests" name="test_generate_multi_country_map_preserves_previous_bundle_when_publication_fails" time="0.008" /><testcase classname="regression.test_country_report.CountryReportTests" name="test_generate_multi_country_map_rejects_context_point_layers_without_identity" time="0.004" /><testcase classname="regression.test_country_report.CountryReportTests" name="test_generate_multi_country_map_rejects_context_polygon_layers_with_point_geometry" time="0.004" /><testcase classname="regression.test_country_report.CountryReportTests" name="test_generate_multi_country_map_replaces_stale_bundle_files" time="0.014" /><testcase classname="regression.test_country_report.CountryReportTests" name="test_generate_multi_country_map_uses_context_layer_dates_for_time_window" time="0.025" /><testcase classname="regression.test_country_report.CountryReportTests" name="test_generate_multi_country_map_writes_shared_map_with_country_toggles" time="0.012" /><testcase classname="regression.test_country_report.CountryReportTests" name="test_generate_published_reports_preserves_previous_tree_when_publication_fails" time="0.007" /><testcase classname="regression.test_country_report.CountryReportTests" name="test_generate_published_reports_removes_stale_bundle_directories" time="0.022" /><testcase classname="regression.test_country_report.CountryReportTests" name="test_generate_published_reports_writes_shared_and_country_bundles" time="0.014" /><testcase classname="regression.test_country_report.CountryReportTests" name="test_load_country_samples_deduplicates_across_datasets" time="0.002" /><testcase classname="regression.test_country_report.CountryReportTests" name="test_load_country_samples_derives_bp_interval_from_mean_and_stddev_when_available" time="0.001" /><testcase classname="regression.test_country_report.CountryReportTests" name="test_load_country_samples_skips_rows_without_identity_or_numeric_coordinates" time="0.002" /><testcase classname="regression.test_country_report.CountryReportTests" name="test_sample_serialization_contract_stays_aligned_between_csv_and_geojson" time="0.001" /><testcase classname="regression.test_data_collector.DataCollectorTests" name="test_collect_data_all_collects_everything" time="0.006" /><testcase classname="regression.test_data_collector.DataCollectorTests" name="test_collect_data_collects_landclim_with_boundaries" time="0.003" /><testcase classname="regression.test_data_collector.DataCollectorTests" name="test_collect_data_preserves_previous_source_dir_when_recollection_fails" time="0.003" /><testcase classname="regression.test_data_collector.DataCollectorTests" name="test_collect_data_preserves_root_contract_files_when_collection_fails" time="0.002" /><testcase classname="regression.test_data_collector.DataCollectorTests" name="test_collect_data_rejects_invalid_local_boundaries" time="0.002" /><testcase classname="regression.test_data_collector.DataCollectorTests" name="test_collect_data_rejects_unsupported_sources_without_writing_output" time="0.001" /><testcase classname="regression.test_data_collector.DataCollectorTests" name="test_collect_data_replaces_selected_source_directories" time="0.004" /><testcase classname="regression.test_data_collector.DataCollectorTests" name="test_collect_data_runs_only_requested_sources" time="0.005" /><testcase classname="regression.test_data_collector.DataCollectorTests" name="test_collect_data_uses_local_boundaries_when_available" time="0.004" /><testcase classname="regression.test_data_collector.DataCollectorTests" name="test_collect_data_writes_output_root_specific_readme" time="0.003" /><testcase classname="regression.test_data_collector.DataCollectorTests" name="test_normalize_requested_sources_deduplicates_preserving_order" time="0.001" /><testcase classname="regression.test_data_collector.DataCollectorTests" name="test_normalize_requested_sources_expands_all" time="0.001" /><testcase classname="regression.test_repository_contracts.RepositoryContractRegressionTests" name="test_command_reference_uses_installed_cli_examples" time="0.001" /><testcase classname="regression.test_repository_contracts.RepositoryContractRegressionTests" name="test_docs_keep_browser_icon_sources_under_assets" time="0.001" /><testcase classname="regression.test_repository_contracts.RepositoryContractRegressionTests" name="test_engineering_docs_describe_clean_verification_and_docs_asset_checks" time="0.001" /><testcase classname="regression.test_repository_contracts.RepositoryContractRegressionTests" name="test_github_workflows_cover_repository_checks_and_docs_deploy" time="0.001" /><testcase classname="regression.test_repository_contracts.RepositoryContractRegressionTests" name="test_install_workflow_uses_console_script_smoke_after_install" time="0.001" /><testcase classname="regression.test_repository_contracts.RepositoryContractRegressionTests" name="test_makefile_exposes_named_test_suites" time="0.001"><failure message="FileNotFoundError: [Errno 2] No such file or directory: '/Users/bijan/bijux/bijux-pollenomics/makes/root/targets.mk'">../../tests/regression/test_repository_contracts.py:25: in test_makefile_exposes_named_test_suites
    root_targets_text = (REPO_ROOT / "makes" / "root" / "targets.mk").read_text(encoding="utf-8")
                        ^^^^^^^^^^^^^^^^^^^^^^^^^^^^^^^^^^^^^^^^^^^^^^^^^^^^^^^^^^^^^^^^^^^^^^^^^
/Library/Frameworks/Python.framework/Versions/3.11/lib/python3.11/pathlib.py:1058: in read_text
    with self.open(mode='r', encoding=encoding, errors=errors) as f:
         ^^^^^^^^^^^^^^^^^^^^^^^^^^^^^^^^^^^^^^^^^^^^^^^^^^^^^
/Library/Frameworks/Python.framework/Versions/3.11/lib/python3.11/pathlib.py:1044: in open
    return io.open(self, mode, buffering, encoding, errors, newline)
           ^^^^^^^^^^^^^^^^^^^^^^^^^^^^^^^^^^^^^^^^^^^^^^^^^^^^^^^^^
E   FileNotFoundError: [Errno 2] No such file or directory: '/Users/bijan/bijux/bijux-pollenomics/makes/root/targets.mk'</failure></testcase><testcase classname="regression.test_repository_contracts.RepositoryContractRegressionTests" name="test_mkdocs_uses_main_branch_edit_links_and_local_mermaid_bundle" time="0.001" /><testcase classname="regression.test_repository_contracts.RepositoryContractRegressionTests" name="test_notice_file_keeps_copyright_holder" time="0.001" /><testcase classname="regression.test_repository_contracts.RepositoryContractRegressionTests" name="test_pyproject_declares_apache_license_and_author" time="0.001" /><testcase classname="regression.test_repository_contracts.RepositoryContractRegressionTests" name="test_readme_and_docs_describe_license_and_test_suites" time="0.001" /><testcase classname="regression.test_repository_contracts.RepositoryContractRegressionTests" name="test_readme_bootstrap_flow_installs_before_running_the_console_script" time="0.001" /><testcase classname="regression.test_repository_contracts.RepositoryContractRegressionTests" name="test_report_docs_describe_final_summary_paths" time="0.001" /><testcase classname="regression.test_repository_contracts.RepositoryContractRegressionTests" name="test_repository_does_not_track_generated_cache_files" time="0.012" /><testcase classname="unit.test_aadr_data.AadrDataTests" name="test_dataset_directory_name_maps_known_public_datasets" time="0.001" /><testcase classname="unit.test_aadr_data.AadrDataTests" name="test_download_aadr_anno_files_rejects_checksum_mismatch" time="0.003" /><testcase classname="unit.test_aadr_data.AadrDataTests" name="test_download_aadr_anno_files_writes_release_manifest" time="0.003" /><testcase classname="unit.test_aadr_data.AadrDataTests" name="test_resolve_anno_files_filters_to_requested_version" time="0.001" /><testcase classname="unit.test_aadr_data.AadrDataTests" name="test_resolve_anno_files_finds_historical_release_outside_latest_version" time="0.001" /><testcase classname="unit.test_boundaries.BoundariesTests" name="test_build_country_boundary_collection_filters_natural_earth_by_adm0_code" time="0.001" /><testcase classname="unit.test_boundaries.BoundariesTests" name="test_collect_boundaries_data_writes_country_files_and_combined_geojson" time="0.004" /><testcase classname="unit.test_boundaries.BoundariesTests" name="test_load_country_boundaries_requires_valid_manifest" time="0.002" /><testcase classname="unit.test_command_line.CommandLineUnitTests" name="test_build_parser_requires_command" time="0.003" /><testcase classname="unit.test_command_line.CommandLineUnitTests" name="test_build_parser_supports_top_level_version_flag" time="0.002" /><testcase classname="unit.test_command_line.CommandLineUnitTests" name="test_package_version_matches_pyproject" time="0.001" /><testcase classname="unit.test_command_line.CommandLineUnitTests" name="test_run_command_rejects_unsupported_command" time="0.002" /><testcase classname="unit.test_command_line.CommandLineUnitTests" name="test_run_command_routes_country_command_with_parser" time="0.003" /><testcase classname="unit.test_command_line.CommandLineUnitTests" name="test_run_command_routes_non_country_commands_through_registry" time="0.002" /><testcase classname="unit.test_common.CommonFetchTests" name="test_fetch_binary_uses_unverified_context_only_when_requested" time="0.002" /><testcase classname="unit.test_common.CommonFetchTests" name="test_fetch_text_does_not_disable_tls_verification_implicitly" time="3.009" /><testcase classname="unit.test_common.CommonFetchTests" name="test_fetch_text_reraises_last_transient_network_error_after_retry_exhaustion" time="0.002" /><testcase classname="unit.test_common.CommonFetchTests" name="test_fetch_text_retries_transient_network_errors" time="0.001" /><testcase classname="unit.test_common.CommonFetchTests" name="test_fetch_text_retries_with_unverified_context_when_env_flag_is_enabled" time="0.002" /><testcase classname="unit.test_common.CommonFetchTests" name="test_fetch_text_uses_unverified_context_only_when_requested" time="0.001" /><testcase classname="unit.test_config.ConfigDefaultsUnitTests" name="test_config_module_keeps_canonical_default_values" time="0.001" /><testcase classname="unit.test_config.ConfigDefaultsUnitTests" name="test_default_exports_match_config_structures" time="0.000" /><testcase classname="unit.test_context_data.ContextDataTests" name="test_build_context_layers_adds_fieldwork_point_when_gallery_media_exists" time="0.002" /><testcase classname="unit.test_context_data.ContextDataTests" name="test_collect_sead_data_writes_inventory_summary" time="0.003" /><testcase classname="unit.test_context_data.ContextDataTests" name="test_context_point_exports_preserve_temporal_fields" time="0.002" /><testcase classname="unit.test_context_data.ContextDataTests" name="test_data_artifact_contracts_resolve_stable_paths" time="0.001" /><testcase classname="unit.test_context_data.ContextDataTests" name="test_external_point_layers_enable_time_filter_when_temporal_properties_exist" time="0.000" /><testcase classname="unit.test_context_data.ContextDataTests" name="test_external_polygon_layers_enable_time_filter_when_temporal_properties_exist" time="0.000" /><testcase classname="unit.test_context_data.ContextDataTests" name="test_fetch_sead_rows_retries_retryable_network_errors" time="0.001" /><testcase classname="unit.test_context_data.ContextDataTests" name="test_fetch_sead_site_rows_adds_linked_inventory_counts" time="0.001" /><testcase classname="unit.test_context_data.ContextDataTests" name="test_normalize_neotoma_rows_filters_to_nordic_bbox_and_reduces_polygons" time="0.001" /><testcase classname="unit.test_context_data.ContextDataTests" name="test_normalize_sead_rows_preserves_site_identity" time="0.001" /><testcase classname="unit.test_data_layout.DataLayoutUnitTests" name="test_build_source_output_roots_covers_all_tracked_sources" time="0.001" /><testcase classname="unit.test_data_layout.DataLayoutUnitTests" name="test_render_data_root_readme_for_uses_requested_root_name" time="0.000" /><testcase classname="unit.test_data_layout.DataLayoutUnitTests" name="test_write_data_directory_readme_writes_readme_file" time="0.001" /><testcase classname="unit.test_geometry.GeometryTests" name="test_classify_country_recovers_points_in_boundary_holes" time="0.001" /><testcase classname="unit.test_geometry.GeometryTests" name="test_classify_country_recovers_points_just_outside_boundary" time="0.001" /><testcase classname="unit.test_geometry.GeometryTests" name="test_geometry_to_representative_point_prefers_polygon_centroid_over_bbox_center" time="0.001" /><testcase classname="unit.test_geometry.GeometryTests" name="test_geometry_to_representative_point_uses_largest_polygon_in_multipolygon" time="0.000" /><testcase classname="unit.test_landclim_data.LandClimDataTests" name="test_build_landclim_raw_asset_summaries_records_source_urls_and_digests" time="0.001" /><testcase classname="unit.test_landclim_data.LandClimDataTests" name="test_build_landclim_site_records_reads_both_landclim_i_workbooks_and_uses_reported_country" time="0.007" /><testcase classname="unit.test_landclim_data.LandClimDataTests" name="test_download_landclim_raw_assets_rejects_empty_payloads" time="0.002" /><testcase classname="unit.test_landclim_data.LandClimDataTests" name="test_inspect_landclim_ii_archive_rejects_missing_standard_error_folder" time="0.004" /><testcase classname="unit.test_landclim_data.LandClimDataTests" name="test_inspect_landclim_ii_archive_validates_documented_structure" time="0.004" /><testcase classname="unit.test_landclim_data.LandClimDataTests" name="test_landclim_grid_keys_match_between_workbook_and_csv_cells" time="0.001" /><testcase classname="unit.test_landclim_data.LandClimDataTests" name="test_landclim_grid_merge_uses_one_feature_for_same_cell" time="0.006" /><testcase classname="unit.test_landclim_data.LandClimDataTests" name="test_landclim_i_site_records_keep_basin_type_separate_from_time_windows" time="0.002" /><testcase classname="unit.test_landclim_data.LandClimDataTests" name="test_landclim_ii_site_records_use_top_and_bottom_bp_as_interval" time="0.002" /><testcase classname="unit.test_landclim_data.LandClimDataTests" name="test_parse_coordinate_supports_decimal_and_dms_inputs" time="0.001" /><testcase classname="unit.test_landclim_data.LandClimDataTests" name="test_resolve_landclim_asset_urls_reads_pangaea_record_formats" time="0.001" /><testcase classname="unit.test_neotoma_data.NeotomaDataTests" name="test_build_neotoma_download_archive_parts_splits_rows_into_stable_part_files" time="0.001" /><testcase classname="unit.test_neotoma_data.NeotomaDataTests" name="test_build_neotoma_site_snapshot_rows_drops_nested_sample_payloads" time="0.001" /><testcase classname="unit.test_neotoma_data.NeotomaDataTests" name="test_collect_neotoma_data_preserves_full_inventory_and_retained_subset" time="0.004" /><testcase classname="unit.test_neotoma_data.NeotomaDataTests" name="test_collect_neotoma_data_writes_download_coverage_summary" time="0.004" /><testcase classname="unit.test_neotoma_data.NeotomaDataTests" name="test_fetch_neotoma_api_rows_retries_retryable_http_errors" time="1.007" /><testcase classname="unit.test_neotoma_data.NeotomaDataTests" name="test_fetch_neotoma_api_rows_retries_retryable_timeouts" time="1.008" /><testcase classname="unit.test_neotoma_data.NeotomaDataTests" name="test_fetch_neotoma_dataset_download_rows_rejects_missing_dataset_payloads" time="0.002" /><testcase classname="unit.test_neotoma_data.NeotomaDataTests" name="test_fetch_neotoma_dataset_download_rows_retries_retryable_http_errors" time="1.003" /><testcase classname="unit.test_neotoma_data.NeotomaDataTests" name="test_fetch_neotoma_dataset_download_rows_retries_retryable_timeouts" time="1.008" /><testcase classname="unit.test_neotoma_data.NeotomaDataTests" name="test_fetch_neotoma_dataset_inventory_rows_reads_dataset_inventory_rows" time="0.002" /><testcase classname="unit.test_neotoma_data.NeotomaDataTests" name="test_fetch_neotoma_dataset_inventory_rows_uses_wide_bbox_inventory_limit" time="0.002" /><testcase classname="unit.test_neotoma_data.NeotomaDataTests" name="test_fetch_neotoma_pollen_rows_hydrates_full_dataset_downloads" time="0.005" /><testcase classname="unit.test_neotoma_data.NeotomaDataTests" name="test_normalize_neotoma_rows_derives_bp_interval_from_age_ranges" time="0.001" /><testcase classname="unit.test_neotoma_data.NeotomaDataTests" name="test_normalize_neotoma_rows_recovers_coastal_nordic_sites_without_widening_scope" time="0.001" /><testcase classname="unit.test_raa_data.RaaDataTests" name="test_collect_raa_data_writes_raw_feature_archive" time="0.007" /><testcase classname="unit.test_raa_data.RaaDataTests" name="test_count_and_density_are_derived_from_archived_features" time="0.002" /><testcase classname="unit.test_raa_data.RaaDataTests" name="test_fetch_raa_feature_inventory_paginates_all_features" time="0.001" /><testcase classname="unit.test_raa_data.RaaDataTests" name="test_fetch_raa_feature_inventory_rejects_short_paging" time="0.001" /><testcase classname="unit.test_raa_data.RaaDataTests" name="test_fetch_raa_feature_page_uses_explicit_sort_key" time="0.001" /><testcase classname="unit.test_reporting_artifacts.ReportingArtifactsTests" name="test_copy_map_assets_copies_vendor_tree" time="0.007" /><testcase classname="unit.test_reporting_artifacts.ReportingArtifactsTests" name="test_copy_map_assets_rejects_incomplete_vendor_bundle" time="0.002" /><testcase classname="unit.test_source_registry.SourceRegistryUnitTests" name="test_context_source_specs_keep_expected_sources" time="0.001" /><testcase classname="unit.test_source_registry.SourceRegistryUnitTests" name="test_resolve_context_collect_function_rejects_unknown_source" time="0.001" /><testcase classname="unit.test_source_registry.SourceRegistryUnitTests" name="test_resolve_context_collect_function_returns_callable" time="0.001" /><testcase classname="unit.test_staging.StagingUnitTests" name="test_build_staging_output_dir_uses_hidden_sibling_directory" time="0.001" /><testcase classname="unit.test_staging.StagingUnitTests" name="test_collect_into_staging_dir_removes_failed_staging_dir" time="0.002" /><testcase classname="unit.test_staging.StagingUnitTests" name="test_collect_into_staging_dir_swaps_in_completed_output" time="0.002" /><testcase classname="unit.test_xlsx.XlsxReaderTests" name="test_sheet_names_and_rows_preserve_order_and_sparse_cells" time="0.003" /></testsuite></testsuites>