<?xml version="1.0" encoding="utf-8"?><testsuites name="pytest tests"><testsuite name="pytest" errors="0" failures="0" skipped="0" tests="2" time="0.496" timestamp="2026-04-09T02:26:36.076738+02:00" hostname="Mac"><testcase classname="test_api_freeze_contracts.ApiFreezeContractsTests" name="test_api_freeze_contracts_pass_for_repository" time="0.018" /><testcase classname="test_openapi_drift.OpenapiDriftTests" name="test_openapi_drift_passes_for_repository" time="0.046" /></testsuite></testsuites>